Arguments: 
  /usr/local/Cellar/node/13.8.0/bin/node /usr/local/Cellar/yarn/1.22.0/libexec/bin/yarn.js publish

PATH: 
  /usr/local/Caskroom/google-cloud-sdk/latest/google-cloud-sdk/bin:/usr/local/nodescripts:/usr/local/bin:/usr/bin:/bin:/usr/sbin:/sbin:/usr/local/share/dotnet:~/.dotnet/tools

Yarn version: 
  1.22.0

Node version: 
  13.8.0

Platform: 
  darwin x64

Trace: 
  Error: canceled
      at Interface.<anonymous> (/usr/local/Cellar/yarn/1.22.0/libexec/lib/cli.js:136987:13)
      at Interface.emit (events.js:321:20)
      at Interface._ttyWrite (readline.js:864:16)
      at ReadStream.onkeypress (readline.js:203:10)
      at ReadStream.emit (events.js:321:20)
      at emitKeys (internal/readline/utils.js:450:14)
      at emitKeys.next (<anonymous>)
      at ReadStream.onData (readline.js:1131:36)
      at ReadStream.emit (events.js:321:20)
      at addChunk (_stream_readable.js:297:12)

npm manifest: 
  {
    "name": "vscode-dotnet-adapter",
    "displayName": ".Net Core Test Explorer",
    "description": "Run your dotnet core cs tests in the Sidebar of Visual Studio Code",
    "icon": "img/icon.png",
    "contributors": [
      "Michael Armitage (https://github.com/armitagemderivitec)",
      "Andrew Bridge (http://github.com/andrewbridge)"
    ],
    "publisher": "derivitec-ltd",
    "version": "1.3.0",
    "license": "MIT",
    "homepage": "https://github.com/Derivitec/vscode-dotnet-adapter",
    "repository": {
      "type": "git",
      "url": "https://github.com/Derivitec/vscode-dotnet-adapter.git"
    },
    "bugs": {
      "url": "https://github.com/Derivitec/vscode-dotnet-adapter/issues"
    },
    "categories": [
      "Other"
    ],
    "keywords": [
      "Nunit",
      "xUnit",
      "C#",
      "test"
    ],
    "main": "out/main.js",
    "scripts": {
      "clean": "rimraf out *.vsix",
      "build": "tsc",
      "watch": "tsc -w",
      "rebuild": "npm run clean && npm run build",
      "package": "vsce package",
      "publish": "vsce publish"
    },
    "dependencies": {
      "tslib": "^1.9.3",
      "vscode-test-adapter-api": "^1.1.0",
      "vscode-test-adapter-util": "^0.5.1",
      "xmldom": "^0.1.31"
    },
    "devDependencies": {
      "@types/vscode": "^1.23.0",
      "typescript": "^3.0.3",
      "vsce": "^1.47.0",
      "vscode-test": "^1.3.0"
    },
    "engines": {
      "vscode": "^1.23.0"
    },
    "extensionDependencies": [
      "hbenl.vscode-test-explorer"
    ],
    "activationEvents": [
      "*"
    ],
    "contributes": {
      "configuration": {
        "type": "object",
        "title": ".Net Core Test Explorer",
        "properties": {
          "dotnetCoreExplorer.skippattern": {
            "description": "Pattern to skip assemblies",
            "type": "string",
            "default": "**/{nunit,xunit}.*.dll",
            "scope": "resource"
          },
          "dotnetCoreExplorer.searchpatterns": {
            "description": "array of your test files or directory (relative to the workspace folder)",
            "type": "array",
            "items": {
              "type": "string"
            },
            "default": [
              "**/bin/**/*.{dll,exe}"
            ],
            "scope": "resource"
          },
          "dotnetCoreExplorer.runEnvVars": {
            "description": "environment variables required by your tests or project",
            "type": "object",
            "items": {
              "type": "string"
            },
            "default": {},
            "scope": "resource"
          },
          "dotnetCoreExplorer.attachCpp": {
            "description": "Attach C++ debugging during test debugging",
            "type": "boolean",
            "default": false,
            "scope": "resource"
          },
          "dotnetCoreExplorer.codeLens": {
            "description": "enable CodeLens symbol integration with the C# Omnisharp VSCode extension",
            "type": "boolean",
            "default": true,
            "scope": "resource"
          },
          "dotnetCoreExplorer.logpanel": {
            "description": "write diagnotic logs to an output panel",
            "type": "boolean",
            "scope": "resource"
          }
        }
      }
    }
  }

yarn manifest: 
  No manifest

Lockfile: 
  No lockfile
